{"/Users/stuartrobinson/workspace/ExpoMoviesApp/expo-env.d.ts": {"path":"/Users/stuartrobinson/workspace/ExpoMoviesApp/expo-env.d.ts","statementMap":{},"fnMap":{},"branchMap":{},"s":{},"f":{},"b":{}}
,"/Users/stuartrobinson/workspace/ExpoMoviesApp/.expo/types/router.d.ts": {"path":"/Users/stuartrobinson/workspace/ExpoMoviesApp/.expo/types/router.d.ts","statementMap":{},"fnMap":{},"branchMap":{},"s":{},"f":{},"b":{}}
,"/Users/stuartrobinson/workspace/ExpoMoviesApp/app/_layout.tsx": {"path":"/Users/stuartrobinson/workspace/ExpoMoviesApp/app/_layout.tsx","statementMap":{"0":{"start":{"line":4,"column":2},"end":{"line":8,"column":4}}},"fnMap":{"0":{"name":"RootLayout","decl":{"start":{"line":3,"column":24},"end":{"line":3,"column":34}},"loc":{"start":{"line":3,"column":37},"end":{"line":9,"column":1}},"line":3}},"branchMap":{},"s":{"0":0},"f":{"0":0},"b":{}}
,"/Users/stuartrobinson/workspace/ExpoMoviesApp/app/index.tsx": {"path":"/Users/stuartrobinson/workspace/ExpoMoviesApp/app/index.tsx","statementMap":{"0":{"start":{"line":5,"column":2},"end":{"line":11,"column":3}}},"fnMap":{"0":{"name":"App","decl":{"start":{"line":4,"column":24},"end":{"line":4,"column":27}},"loc":{"start":{"line":4,"column":30},"end":{"line":12,"column":1}},"line":4}},"branchMap":{},"s":{"0":0},"f":{"0":0},"b":{}}
,"/Users/stuartrobinson/workspace/ExpoMoviesApp/app-example/+html.tsx": {"path":"/Users/stuartrobinson/workspace/ExpoMoviesApp/app-example/+html.tsx","statementMap":{"0":{"start":{"line":9,"column":2},"end":{"line":28,"column":4}},"1":{"start":{"line":31,"column":29},"end":{"line":39,"column":2}}},"fnMap":{"0":{"name":"Root","decl":{"start":{"line":8,"column":24},"end":{"line":8,"column":28}},"loc":{"start":{"line":8,"column":62},"end":{"line":29,"column":1}},"line":8}},"branchMap":{},"s":{"0":0,"1":0},"f":{"0":0},"b":{}}
,"/Users/stuartrobinson/workspace/ExpoMoviesApp/app-example/+not-found.tsx": {"path":"/Users/stuartrobinson/workspace/ExpoMoviesApp/app-example/+not-found.tsx","statementMap":{"0":{"start":{"line":8,"column":2},"end":{"line":18,"column":4}},"1":{"start":{"line":21,"column":15},"end":{"line":32,"column":2}}},"fnMap":{"0":{"name":"NotFoundScreen","decl":{"start":{"line":7,"column":24},"end":{"line":7,"column":38}},"loc":{"start":{"line":7,"column":41},"end":{"line":19,"column":1}},"line":7}},"branchMap":{},"s":{"0":0,"1":0},"f":{"0":0},"b":{}}
,"/Users/stuartrobinson/workspace/ExpoMoviesApp/app-example/_layout.tsx": {"path":"/Users/stuartrobinson/workspace/ExpoMoviesApp/app-example/_layout.tsx","statementMap":{"0":{"start":{"line":11,"column":0},"end":{"line":11,"column":36}},"1":{"start":{"line":14,"column":22},"end":{"line":14,"column":38}},"2":{"start":{"line":15,"column":19},"end":{"line":17,"column":4}},"3":{"start":{"line":19,"column":2},"end":{"line":23,"column":15}},"4":{"start":{"line":20,"column":4},"end":{"line":22,"column":5}},"5":{"start":{"line":21,"column":6},"end":{"line":21,"column":31}},"6":{"start":{"line":25,"column":2},"end":{"line":27,"column":3}},"7":{"start":{"line":26,"column":4},"end":{"line":26,"column":16}},"8":{"start":{"line":29,"column":2},"end":{"line":36,"column":4}}},"fnMap":{"0":{"name":"RootLayout","decl":{"start":{"line":13,"column":24},"end":{"line":13,"column":34}},"loc":{"start":{"line":13,"column":37},"end":{"line":37,"column":1}},"line":13},"1":{"name":"(anonymous_1)","decl":{"start":{"line":19,"column":12},"end":{"line":19,"column":13}},"loc":{"start":{"line":19,"column":18},"end":{"line":23,"column":3}},"line":19}},"branchMap":{"0":{"loc":{"start":{"line":20,"column":4},"end":{"line":22,"column":5}},"type":"if","locations":[{"start":{"line":20,"column":4},"end":{"line":22,"column":5}},{"start":{},"end":{}}],"line":20},"1":{"loc":{"start":{"line":25,"column":2},"end":{"line":27,"column":3}},"type":"if","locations":[{"start":{"line":25,"column":2},"end":{"line":27,"column":3}},{"start":{},"end":{}}],"line":25},"2":{"loc":{"start":{"line":30,"column":26},"end":{"line":30,"column":75}},"type":"cond-expr","locations":[{"start":{"line":30,"column":51},"end":{"line":30,"column":60}},{"start":{"line":30,"column":63},"end":{"line":30,"column":75}}],"line":30}},"s":{"0":0,"1":0,"2":0,"3":0,"4":0,"5":0,"6":0,"7":0,"8":0},"f":{"0":0,"1":0},"b":{"0":[0,0],"1":[0,0],"2":[0,0]}}
,"/Users/stuartrobinson/workspace/ExpoMoviesApp/app-example/(tabs)/_layout.tsx": {"path":"/Users/stuartrobinson/workspace/ExpoMoviesApp/app-example/(tabs)/_layout.tsx","statementMap":{"0":{"start":{"line":9,"column":22},"end":{"line":9,"column":38}},"1":{"start":{"line":11,"column":2},"end":{"line":56,"column":3}},"2":{"start":{"line":23,"column":12},"end":{"line":26,"column":14}},"3":{"start":{"line":35,"column":12},"end":{"line":38,"column":14}},"4":{"start":{"line":48,"column":12},"end":{"line":51,"column":14}}},"fnMap":{"0":{"name":"TabLayout","decl":{"start":{"line":8,"column":24},"end":{"line":8,"column":33}},"loc":{"start":{"line":8,"column":36},"end":{"line":57,"column":1}},"line":8},"1":{"name":"(anonymous_1)","decl":{"start":{"line":22,"column":22},"end":{"line":22,"column":23}},"loc":{"start":{"line":23,"column":12},"end":{"line":26,"column":14}},"line":23},"2":{"name":"(anonymous_2)","decl":{"start":{"line":34,"column":22},"end":{"line":34,"column":23}},"loc":{"start":{"line":35,"column":12},"end":{"line":38,"column":14}},"line":35},"3":{"name":"(anonymous_3)","decl":{"start":{"line":47,"column":22},"end":{"line":47,"column":23}},"loc":{"start":{"line":48,"column":12},"end":{"line":51,"column":14}},"line":48}},"branchMap":{"0":{"loc":{"start":{"line":14,"column":38},"end":{"line":14,"column":60}},"type":"binary-expr","locations":[{"start":{"line":14,"column":38},"end":{"line":14,"column":49}},{"start":{"line":14,"column":53},"end":{"line":14,"column":60}}],"line":14},"1":{"loc":{"start":{"line":24,"column":20},"end":{"line":24,"column":53}},"type":"cond-expr","locations":[{"start":{"line":24,"column":30},"end":{"line":24,"column":36}},{"start":{"line":24,"column":39},"end":{"line":24,"column":53}}],"line":24},"2":{"loc":{"start":{"line":36,"column":20},"end":{"line":36,"column":65}},"type":"cond-expr","locations":[{"start":{"line":36,"column":30},"end":{"line":36,"column":42}},{"start":{"line":36,"column":45},"end":{"line":36,"column":65}}],"line":36},"3":{"loc":{"start":{"line":49,"column":20},"end":{"line":49,"column":65}},"type":"cond-expr","locations":[{"start":{"line":49,"column":30},"end":{"line":49,"column":42}},{"start":{"line":49,"column":45},"end":{"line":49,"column":65}}],"line":49}},"s":{"0":0,"1":0,"2":0,"3":0,"4":0},"f":{"0":0,"1":0,"2":0,"3":0},"b":{"0":[0,0],"1":[0,0],"2":[0,0],"3":[0,0]}}
,"/Users/stuartrobinson/workspace/ExpoMoviesApp/app-example/(tabs)/explore.tsx": {"path":"/Users/stuartrobinson/workspace/ExpoMoviesApp/app-example/(tabs)/explore.tsx","statementMap":{"0":{"start":{"line":11,"column":2},"end":{"line":88,"column":4}},"1":{"start":{"line":91,"column":15},"end":{"line":102,"column":2}}},"fnMap":{"0":{"name":"TabTwoScreen","decl":{"start":{"line":10,"column":24},"end":{"line":10,"column":36}},"loc":{"start":{"line":10,"column":39},"end":{"line":89,"column":1}},"line":10}},"branchMap":{},"s":{"0":0,"1":0},"f":{"0":0},"b":{}}
,"/Users/stuartrobinson/workspace/ExpoMoviesApp/app-example/(tabs)/index.tsx": {"path":"/Users/stuartrobinson/workspace/ExpoMoviesApp/app-example/(tabs)/index.tsx","statementMap":{"0":{"start":{"line":9,"column":2},"end":{"line":54,"column":3}},"1":{"start":{"line":57,"column":15},"end":{"line":74,"column":2}}},"fnMap":{"0":{"name":"HomeScreen","decl":{"start":{"line":8,"column":24},"end":{"line":8,"column":34}},"loc":{"start":{"line":8,"column":37},"end":{"line":55,"column":1}},"line":8}},"branchMap":{},"s":{"0":0,"1":0},"f":{"0":0},"b":{}}
,"/Users/stuartrobinson/workspace/ExpoMoviesApp/app-example/(tabs)/things.tsx": {"path":"/Users/stuartrobinson/workspace/ExpoMoviesApp/app-example/(tabs)/things.tsx","statementMap":{"0":{"start":{"line":11,"column":2},"end":{"line":110,"column":3}},"1":{"start":{"line":113,"column":15},"end":{"line":124,"column":2}}},"fnMap":{"0":{"name":"TabTwoScreen","decl":{"start":{"line":10,"column":24},"end":{"line":10,"column":36}},"loc":{"start":{"line":10,"column":39},"end":{"line":111,"column":1}},"line":10}},"branchMap":{},"s":{"0":0,"1":0},"f":{"0":0},"b":{}}
,"/Users/stuartrobinson/workspace/ExpoMoviesApp/components/Collapsible.tsx": {"path":"/Users/stuartrobinson/workspace/ExpoMoviesApp/components/Collapsible.tsx","statementMap":{"0":{"start":{"line":10,"column":30},"end":{"line":10,"column":45}},"1":{"start":{"line":11,"column":16},"end":{"line":11,"column":43}},"2":{"start":{"line":13,"column":2},"end":{"line":28,"column":4}},"3":{"start":{"line":17,"column":23},"end":{"line":17,"column":51}},"4":{"start":{"line":17,"column":44},"end":{"line":17,"column":50}},"5":{"start":{"line":31,"column":15},"end":{"line":41,"column":2}}},"fnMap":{"0":{"name":"Collapsible","decl":{"start":{"line":9,"column":16},"end":{"line":9,"column":27}},"loc":{"start":{"line":9,"column":88},"end":{"line":29,"column":1}},"line":9},"1":{"name":"(anonymous_1)","decl":{"start":{"line":17,"column":17},"end":{"line":17,"column":18}},"loc":{"start":{"line":17,"column":23},"end":{"line":17,"column":51}},"line":17},"2":{"name":"(anonymous_2)","decl":{"start":{"line":17,"column":33},"end":{"line":17,"column":34}},"loc":{"start":{"line":17,"column":44},"end":{"line":17,"column":50}},"line":17}},"branchMap":{"0":{"loc":{"start":{"line":11,"column":16},"end":{"line":11,"column":43}},"type":"binary-expr","locations":[{"start":{"line":11,"column":16},"end":{"line":11,"column":32}},{"start":{"line":11,"column":36},"end":{"line":11,"column":43}}],"line":11},"1":{"loc":{"start":{"line":20,"column":16},"end":{"line":20,"column":67}},"type":"cond-expr","locations":[{"start":{"line":20,"column":25},"end":{"line":20,"column":39}},{"start":{"line":20,"column":42},"end":{"line":20,"column":67}}],"line":20},"2":{"loc":{"start":{"line":22,"column":17},"end":{"line":22,"column":73}},"type":"cond-expr","locations":[{"start":{"line":22,"column":37},"end":{"line":22,"column":54}},{"start":{"line":22,"column":57},"end":{"line":22,"column":73}}],"line":22},"3":{"loc":{"start":{"line":26,"column":7},"end":{"line":26,"column":75}},"type":"binary-expr","locations":[{"start":{"line":26,"column":7},"end":{"line":26,"column":13}},{"start":{"line":26,"column":17},"end":{"line":26,"column":75}}],"line":26}},"s":{"0":0,"1":0,"2":0,"3":0,"4":0,"5":0},"f":{"0":0,"1":0,"2":0},"b":{"0":[0,0],"1":[0,0],"2":[0,0],"3":[0,0]}}
,"/Users/stuartrobinson/workspace/ExpoMoviesApp/components/ExternalLink.tsx": {"path":"/Users/stuartrobinson/workspace/ExpoMoviesApp/components/ExternalLink.tsx","statementMap":{"0":{"start":{"line":9,"column":2},"end":{"line":23,"column":4}},"1":{"start":{"line":15,"column":8},"end":{"line":20,"column":9}},"2":{"start":{"line":17,"column":10},"end":{"line":17,"column":33}},"3":{"start":{"line":19,"column":10},"end":{"line":19,"column":39}}},"fnMap":{"0":{"name":"ExternalLink","decl":{"start":{"line":8,"column":16},"end":{"line":8,"column":28}},"loc":{"start":{"line":8,"column":55},"end":{"line":24,"column":1}},"line":8},"1":{"name":"(anonymous_1)","decl":{"start":{"line":14,"column":15},"end":{"line":14,"column":16}},"loc":{"start":{"line":14,"column":32},"end":{"line":21,"column":7}},"line":14}},"branchMap":{"0":{"loc":{"start":{"line":15,"column":8},"end":{"line":20,"column":9}},"type":"if","locations":[{"start":{"line":15,"column":8},"end":{"line":20,"column":9}},{"start":{},"end":{}}],"line":15}},"s":{"0":0,"1":0,"2":0,"3":0},"f":{"0":0,"1":0},"b":{"0":[0,0]}}
,"/Users/stuartrobinson/workspace/ExpoMoviesApp/components/HelloWave.tsx": {"path":"/Users/stuartrobinson/workspace/ExpoMoviesApp/components/HelloWave.tsx","statementMap":{"0":{"start":{"line":13,"column":28},"end":{"line":13,"column":45}},"1":{"start":{"line":15,"column":2},"end":{"line":18,"column":4}},"2":{"start":{"line":20,"column":24},"end":{"line":22,"column":5}},"3":{"start":{"line":20,"column":48},"end":{"line":22,"column":3}},"4":{"start":{"line":24,"column":2},"end":{"line":28,"column":4}},"5":{"start":{"line":31,"column":15},"end":{"line":37,"column":2}}},"fnMap":{"0":{"name":"HelloWave","decl":{"start":{"line":12,"column":16},"end":{"line":12,"column":25}},"loc":{"start":{"line":12,"column":28},"end":{"line":29,"column":1}},"line":12},"1":{"name":"(anonymous_1)","decl":{"start":{"line":20,"column":41},"end":{"line":20,"column":42}},"loc":{"start":{"line":20,"column":48},"end":{"line":22,"column":3}},"line":20}},"branchMap":{},"s":{"0":0,"1":0,"2":0,"3":0,"4":0,"5":0},"f":{"0":0,"1":0},"b":{}}
,"/Users/stuartrobinson/workspace/ExpoMoviesApp/components/ParallaxScrollView.tsx": {"path":"/Users/stuartrobinson/workspace/ExpoMoviesApp/components/ParallaxScrollView.tsx","statementMap":{"0":{"start":{"line":12,"column":22},"end":{"line":12,"column":25}},"1":{"start":{"line":24,"column":22},"end":{"line":24,"column":49}},"2":{"start":{"line":25,"column":20},"end":{"line":25,"column":57}},"3":{"start":{"line":26,"column":23},"end":{"line":26,"column":53}},"4":{"start":{"line":28,"column":30},"end":{"line":43,"column":4}},"5":{"start":{"line":29,"column":4},"end":{"line":42,"column":6}},"6":{"start":{"line":45,"column":2},"end":{"line":59,"column":4}},"7":{"start":{"line":62,"column":15},"end":{"line":76,"column":2}}},"fnMap":{"0":{"name":"ParallaxScrollView","decl":{"start":{"line":19,"column":24},"end":{"line":19,"column":42}},"loc":{"start":{"line":23,"column":10},"end":{"line":60,"column":1}},"line":23},"1":{"name":"(anonymous_1)","decl":{"start":{"line":28,"column":47},"end":{"line":28,"column":48}},"loc":{"start":{"line":28,"column":53},"end":{"line":43,"column":3}},"line":28}},"branchMap":{"0":{"loc":{"start":{"line":24,"column":22},"end":{"line":24,"column":49}},"type":"binary-expr","locations":[{"start":{"line":24,"column":22},"end":{"line":24,"column":38}},{"start":{"line":24,"column":42},"end":{"line":24,"column":49}}],"line":24}},"s":{"0":0,"1":0,"2":0,"3":0,"4":0,"5":0,"6":0,"7":0},"f":{"0":0,"1":0},"b":{"0":[0,0]}}
,"/Users/stuartrobinson/workspace/ExpoMoviesApp/components/ThemedText.tsx": {"path":"/Users/stuartrobinson/workspace/ExpoMoviesApp/components/ThemedText.tsx","statementMap":{"0":{"start":{"line":18,"column":16},"end":{"line":18,"column":77}},"1":{"start":{"line":20,"column":2},"end":{"line":33,"column":4}},"2":{"start":{"line":36,"column":15},"end":{"line":60,"column":2}}},"fnMap":{"0":{"name":"ThemedText","decl":{"start":{"line":11,"column":16},"end":{"line":11,"column":26}},"loc":{"start":{"line":17,"column":20},"end":{"line":34,"column":1}},"line":17}},"branchMap":{"0":{"loc":{"start":{"line":15,"column":2},"end":{"line":15,"column":18}},"type":"default-arg","locations":[{"start":{"line":15,"column":9},"end":{"line":15,"column":18}}],"line":15},"1":{"loc":{"start":{"line":24,"column":8},"end":{"line":24,"column":55}},"type":"cond-expr","locations":[{"start":{"line":24,"column":29},"end":{"line":24,"column":43}},{"start":{"line":24,"column":46},"end":{"line":24,"column":55}}],"line":24},"2":{"loc":{"start":{"line":25,"column":8},"end":{"line":25,"column":51}},"type":"cond-expr","locations":[{"start":{"line":25,"column":27},"end":{"line":25,"column":39}},{"start":{"line":25,"column":42},"end":{"line":25,"column":51}}],"line":25},"3":{"loc":{"start":{"line":26,"column":8},"end":{"line":26,"column":71}},"type":"cond-expr","locations":[{"start":{"line":26,"column":37},"end":{"line":26,"column":59}},{"start":{"line":26,"column":62},"end":{"line":26,"column":71}}],"line":26},"4":{"loc":{"start":{"line":27,"column":8},"end":{"line":27,"column":57}},"type":"cond-expr","locations":[{"start":{"line":27,"column":30},"end":{"line":27,"column":45}},{"start":{"line":27,"column":48},"end":{"line":27,"column":57}}],"line":27},"5":{"loc":{"start":{"line":28,"column":8},"end":{"line":28,"column":49}},"type":"cond-expr","locations":[{"start":{"line":28,"column":26},"end":{"line":28,"column":37}},{"start":{"line":28,"column":40},"end":{"line":28,"column":49}}],"line":28}},"s":{"0":5,"1":5,"2":1},"f":{"0":5},"b":{"0":[1],"1":[1,4],"2":[1,4],"3":[1,4],"4":[1,4],"5":[1,4]},"_coverageSchema":"1a1c01bbd47fc00a2c39e90264f33305004495a9","hash":"49f3e0bb8960a25ee659b0e5119654547b417148"}
,"/Users/stuartrobinson/workspace/ExpoMoviesApp/components/ThemedView.tsx": {"path":"/Users/stuartrobinson/workspace/ExpoMoviesApp/components/ThemedView.tsx","statementMap":{"0":{"start":{"line":11,"column":26},"end":{"line":11,"column":93}},"1":{"start":{"line":13,"column":2},"end":{"line":13,"column":71}}},"fnMap":{"0":{"name":"ThemedView","decl":{"start":{"line":10,"column":16},"end":{"line":10,"column":26}},"loc":{"start":{"line":10,"column":93},"end":{"line":14,"column":1}},"line":10}},"branchMap":{},"s":{"0":0,"1":0},"f":{"0":0},"b":{}}
,"/Users/stuartrobinson/workspace/ExpoMoviesApp/components/navigation/TabBarIcon.tsx": {"path":"/Users/stuartrobinson/workspace/ExpoMoviesApp/components/navigation/TabBarIcon.tsx","statementMap":{"0":{"start":{"line":8,"column":2},"end":{"line":8,"column":80}}},"fnMap":{"0":{"name":"TabBarIcon","decl":{"start":{"line":7,"column":16},"end":{"line":7,"column":26}},"loc":{"start":{"line":7,"column":99},"end":{"line":9,"column":1}},"line":7}},"branchMap":{},"s":{"0":0},"f":{"0":0},"b":{}}
,"/Users/stuartrobinson/workspace/ExpoMoviesApp/constants/Colors.ts": {"path":"/Users/stuartrobinson/workspace/ExpoMoviesApp/constants/Colors.ts","statementMap":{"0":{"start":{"line":6,"column":23},"end":{"line":6,"column":32}},"1":{"start":{"line":7,"column":22},"end":{"line":7,"column":28}},"2":{"start":{"line":9,"column":22},"end":{"line":26,"column":1}}},"fnMap":{},"branchMap":{},"s":{"0":1,"1":1,"2":1},"f":{},"b":{},"_coverageSchema":"1a1c01bbd47fc00a2c39e90264f33305004495a9","hash":"b5a7a201bffe97c8c9f26225c3667fc2f22a445b"}
,"/Users/stuartrobinson/workspace/ExpoMoviesApp/hooks/useColorScheme.ts": {"path":"/Users/stuartrobinson/workspace/ExpoMoviesApp/hooks/useColorScheme.ts","statementMap":{},"fnMap":{},"branchMap":{},"s":{},"f":{},"b":{}}
,"/Users/stuartrobinson/workspace/ExpoMoviesApp/hooks/useColorScheme.web.ts": {"path":"/Users/stuartrobinson/workspace/ExpoMoviesApp/hooks/useColorScheme.web.ts","statementMap":{"0":{"start":{"line":7,"column":2},"end":{"line":7,"column":17}}},"fnMap":{"0":{"name":"useColorScheme","decl":{"start":{"line":6,"column":16},"end":{"line":6,"column":30}},"loc":{"start":{"line":6,"column":33},"end":{"line":8,"column":1}},"line":6}},"branchMap":{},"s":{"0":0},"f":{"0":0},"b":{}}
,"/Users/stuartrobinson/workspace/ExpoMoviesApp/hooks/useThemeColor.ts": {"path":"/Users/stuartrobinson/workspace/ExpoMoviesApp/hooks/useThemeColor.ts","statementMap":{"0":{"start":{"line":14,"column":16},"end":{"line":14,"column":43}},"1":{"start":{"line":15,"column":25},"end":{"line":15,"column":37}},"2":{"start":{"line":17,"column":2},"end":{"line":21,"column":3}},"3":{"start":{"line":18,"column":4},"end":{"line":18,"column":26}},"4":{"start":{"line":20,"column":4},"end":{"line":20,"column":36}}},"fnMap":{"0":{"name":"useThemeColor","decl":{"start":{"line":10,"column":16},"end":{"line":10,"column":29}},"loc":{"start":{"line":13,"column":2},"end":{"line":22,"column":1}},"line":13}},"branchMap":{"0":{"loc":{"start":{"line":14,"column":16},"end":{"line":14,"column":43}},"type":"binary-expr","locations":[{"start":{"line":14,"column":16},"end":{"line":14,"column":32}},{"start":{"line":14,"column":36},"end":{"line":14,"column":43}}],"line":14},"1":{"loc":{"start":{"line":17,"column":2},"end":{"line":21,"column":3}},"type":"if","locations":[{"start":{"line":17,"column":2},"end":{"line":21,"column":3}},{"start":{"line":19,"column":9},"end":{"line":21,"column":3}}],"line":17}},"s":{"0":5,"1":5,"2":5,"3":0,"4":5},"f":{"0":5},"b":{"0":[5,0],"1":[0,5]},"_coverageSchema":"1a1c01bbd47fc00a2c39e90264f33305004495a9","hash":"839c1d8fa7774fe32ac0dddbbc013bbe7f2db938"}
}
